<?xml version="1.0" encoding="UTF-8"?>
<testng-results skipped="0" failed="0" ignored="0" total="2" passed="2">
  <reporter-output>
  </reporter-output>
  <suite name="Project2022" duration-ms="74455" started-at="2022-03-31T08:54:28 IST" finished-at="2022-03-31T08:55:42 IST">
    <groups>
    </groups>
    <test name="BankingApp Test" duration-ms="74455" started-at="2022-03-31T08:54:28 IST" finished-at="2022-03-31T08:55:42 IST">
      <class name="com.testCases.TC_addcust003">
        <test-method status="PASS" signature="setup(java.lang.String)[pri:0, instance:com.testCases.TC_addcust003@5204062d]" name="setup" is-config="true" duration-ms="1153" started-at="2022-03-31T08:54:55 IST" finished-at="2022-03-31T08:54:56 IST">
          <params>
            <param index="0">
              <value>
                <![CDATA[chrome]]>
              </value>
            </param>
          </params>
          <reporter-output>
          </reporter-output>
        </test-method> <!-- setup -->
        <test-method status="PASS" signature="addNewCustomer()[pri:0, instance:com.testCases.TC_addcust003@5204062d]" name="addNewCustomer" duration-ms="45374" started-at="2022-03-31T08:54:56 IST" finished-at="2022-03-31T08:55:41 IST">
          <reporter-output>
          </reporter-output>
        </test-method> <!-- addNewCustomer -->
        <test-method status="PASS" signature="tearDown()[pri:0, instance:com.testCases.TC_addcust003@5204062d]" name="tearDown" is-config="true" duration-ms="673" started-at="2022-03-31T08:55:41 IST" finished-at="2022-03-31T08:55:42 IST">
          <reporter-output>
          </reporter-output>
        </test-method> <!-- tearDown -->
      </class> <!-- com.testCases.TC_addcust003 -->
      <class name="com.testCases.TC_login001">
        <test-method status="PASS" signature="setup(java.lang.String)[pri:0, instance:com.testCases.TC_login001@2f0a87b3]" name="setup" is-config="true" duration-ms="2969" started-at="2022-03-31T08:54:28 IST" finished-at="2022-03-31T08:54:31 IST">
          <params>
            <param index="0">
              <value>
                <![CDATA[chrome]]>
              </value>
            </param>
          </params>
          <reporter-output>
          </reporter-output>
        </test-method> <!-- setup -->
        <test-method status="PASS" signature="loginTest()[pri:0, instance:com.testCases.TC_login001@2f0a87b3]" name="loginTest" duration-ms="23353" started-at="2022-03-31T08:54:31 IST" finished-at="2022-03-31T08:54:54 IST">
          <reporter-output>
          </reporter-output>
        </test-method> <!-- loginTest -->
        <test-method status="PASS" signature="tearDown()[pri:0, instance:com.testCases.TC_login001@2f0a87b3]" name="tearDown" is-config="true" duration-ms="698" started-at="2022-03-31T08:54:54 IST" finished-at="2022-03-31T08:54:55 IST">
          <reporter-output>
          </reporter-output>
        </test-method> <!-- tearDown -->
      </class> <!-- com.testCases.TC_login001 -->
    </test> <!-- BankingApp Test -->
  </suite> <!-- Project2022 -->
</testng-results>
